<?xml version="1.0" encoding="UTF-8"?>
<testsuite name="service.AccountServiceImplTest" tests="1" skipped="0" failures="0" errors="0" timestamp="2021-03-31T10:03:55" hostname="laptop" time="0.07">
  <properties/>
  <testcase name="findAccountByUser" classname="service.AccountServiceImplTest" time="0.07"/>
  <system-out><![CDATA[-------------------Main menu
(1) Login
(2) Register as admin
(3) Register as employee
(0) Quit
]]></system-out>
  <system-err><![CDATA[Exception in thread "Thread-3" java.util.NoSuchElementException: No line found
	at java.base/java.util.Scanner.nextLine(Scanner.java:1651)
	at view.MainView.getOption(MainView.java:38)
	at controller.MainController.run(MainController.java:45)
]]></system-err>
</testsuite>
